<?xml version="1.0" encoding="UTF-8"?>
<testng-results ignored="0" total="3" passed="3" failed="0" skipped="0">
  <reporter-output>
  </reporter-output>
  <suite started-at="2021-03-27T10:36:48 IST" name="Default suite" finished-at="2021-03-27T10:37:01 IST" duration-ms="12351">
    <groups>
    </groups>
    <test started-at="2021-03-27T10:36:48 IST" name="Default test" finished-at="2021-03-27T10:37:01 IST" duration-ms="12351">
      <class name="WaitsTest">
        <test-method is-config="true" signature="setup()[pri:0, instance:WaitsTest@4b5a5ed1]" started-at="2021-03-27T10:36:48 IST" name="setup" finished-at="2021-03-27T10:36:51 IST" duration-ms="2219" status="PASS">
          <reporter-output>
          </reporter-output>
        </test-method> <!-- setup -->
        <test-method signature="implicitlywaitTest()[pri:0, instance:WaitsTest@4b5a5ed1]" started-at="2021-03-27T10:36:51 IST" name="implicitlywaitTest" finished-at="2021-03-27T10:36:53 IST" duration-ms="2578" status="PASS">
          <reporter-output>
          </reporter-output>
        </test-method> <!-- implicitlywaitTest -->
        <test-method signature="explicitwaitTest()[pri:0, instance:WaitsTest@4b5a5ed1]" started-at="2021-03-27T10:36:53 IST" name="explicitwaitTest" finished-at="2021-03-27T10:36:59 IST" depends-on-methods="WaitsTest.implicitlywaitTest" duration-ms="5333" status="PASS">
          <reporter-output>
          </reporter-output>
        </test-method> <!-- explicitwaitTest -->
        <test-method signature="fluentwaitTest()[pri:0, instance:WaitsTest@4b5a5ed1]" started-at="2021-03-27T10:36:59 IST" name="fluentwaitTest" finished-at="2021-03-27T10:36:59 IST" depends-on-methods="WaitsTest.explicitwaitTest" duration-ms="90" status="PASS">
          <reporter-output>
          </reporter-output>
        </test-method> <!-- fluentwaitTest -->
        <test-method is-config="true" signature="teardown()[pri:0, instance:WaitsTest@4b5a5ed1]" started-at="2021-03-27T10:36:59 IST" name="teardown" finished-at="2021-03-27T10:37:01 IST" duration-ms="2058" status="PASS">
          <reporter-output>
          </reporter-output>
        </test-method> <!-- teardown -->
      </class> <!-- WaitsTest -->
    </test> <!-- Default test -->
  </suite> <!-- Default suite -->
</testng-results>
