<?xml version="1.0" encoding="UTF-8"?>
<!-- Generated by org.testng.reporters.JUnitXMLReporter -->
<testsuite ignored="0" hostname="DESKTOP-CLV3IE6" failures="1" tests="2" name="My Test" time="0.08" errors="0" timestamp="2021-03-21T10:18:19 IST">
  <testcase classname="testNG.SampleTest" name="login" time="0.012"/>
  <testcase classname="testNG.SampleTest" name="logout" time="0.007">
    <failure type="java.lang.AssertionError" message="expected [false] but found [true]">
      <![CDATA[java.lang.AssertionError: expected [false] but found [true]
at testNG.SampleTest.logout(SampleTest.java:14)
at java.base/java.util.ArrayList.forEach(ArrayList.java:1507)
... Removed 31 stack frames]]>
    </failure>
  </testcase> <!-- logout -->
</testsuite> <!-- My Test -->
