<?xml version="1.0" encoding="UTF-8"?>
<!-- Generated by org.testng.reporters.JUnitXMLReporter -->
<testsuite ignored="0" hostname="DESKTOP-CLV3IE6" failures="0" tests="3" name="Default test" time="12.351" errors="0" timestamp="2021-03-27T10:37:01 IST">
  <testcase classname="WaitsTest" name="implicitlywaitTest" time="2.578"/>
  <testcase classname="WaitsTest" name="explicitwaitTest" time="5.333"/>
  <testcase classname="WaitsTest" name="fluentwaitTest" time="0.09"/>
</testsuite> <!-- Default test -->
