<?xml version="1.0" encoding="UTF-8"?>
<!-- Generated by org.testng.reporters.JUnitXMLReporter -->
<testsuite ignored="0" hostname="DESKTOP-CLV3IE6" failures="0" tests="6" name="MyTest" time="34.152" errors="0" timestamp="2021-03-21T16:55:22 IST">
  <testcase classname="testNG.ParallelTestClass2" name="test1" time="8.246"/>
  <testcase classname="testNG.ParallelTestClass1" name="test1" time="11.336"/>
  <testcase classname="testNG.ParallelTestClass1" name="test2" time="15.235"/>
  <testcase classname="testNG.ParallelTestClass2" name="test2" time="19.266"/>
  <testcase classname="testNG.ParallelTestClass1" name="test3" time="1.895"/>
  <testcase classname="testNG.ParallelTestClass2" name="test3" time="2.138"/>
</testsuite> <!-- MyTest -->
