<?xml version="1.0" encoding="UTF-8"?>
<!-- Generated by org.testng.reporters.JUnitXMLReporter -->
<testsuite ignored="0" hostname="DESKTOP-CLV3IE6" failures="0" tests="3" name="ParallelTests 1" time="29.951" errors="0" timestamp="2021-03-21T18:48:16 IST">
  <testcase classname="testNG.ParallelTestClass1" name="test1" time="9.291"/>
  <testcase classname="testNG.ParallelTestClass1" name="test2" time="14.937"/>
  <testcase classname="testNG.ParallelTestClass1" name="test3" time="2.193"/>
</testsuite> <!-- ParallelTests 1 -->
